Connecting to database specified by database.yml
Connecting to database specified by database.yml
Connecting to database specified by database.yml
  [1m[36m (2.5ms)[0m  [1mCREATE TABLE "schema_migrations" ("version" character varying(255) NOT NULL) [0m
  [1m[35m (1.9ms)[0m  CREATE UNIQUE INDEX "unique_schema_migrations" ON "schema_migrations" ("version")
  [1m[36m (0.2ms)[0m  [1mSELECT "schema_migrations"."version" FROM "schema_migrations" [0m
Migrating to CreateTasks (20140717030007)
  [1m[35m (0.1ms)[0m  BEGIN
  [1m[36m (2.6ms)[0m  [1mCREATE TABLE "tasks" ("id" serial primary key, "content" character varying(255), "complete" boolean DEFAULT 'f', "user_id" integer, "created_at" timestamp NOT NULL, "updated_at" timestamp NOT NULL) [0m
  [1m[35m (0.2ms)[0m  INSERT INTO "schema_migrations" ("version") VALUES ('20140717030007')
  [1m[36m (0.3ms)[0m  [1mCOMMIT[0m
  [1m[35m (0.1ms)[0m  SELECT "schema_migrations"."version" FROM "schema_migrations" 
Connecting to database specified by database.yml
Connecting to database specified by database.yml
  [1m[36m (0.6ms)[0m  [1mSELECT "schema_migrations"."version" FROM "schema_migrations" [0m
Migrating to CreateTasks (20140717030007)
  [1m[35m (0.1ms)[0m  SELECT "schema_migrations"."version" FROM "schema_migrations" 


Started GET "/" for 127.0.0.1 at 2014-07-17 19:30:56 -0700
Connecting to database specified by database.yml

ActionController::RoutingError (No route matches [GET] "/"):
  actionpack (3.2.18) lib/action_dispatch/middleware/debug_exceptions.rb:21:in `call'
  actionpack (3.2.18) lib/action_dispatch/middleware/show_exceptions.rb:56:in `call'
  railties (3.2.18) lib/rails/rack/logger.rb:32:in `call_app'
  railties (3.2.18) lib/rails/rack/logger.rb:16:in `block in call'
  activesupport (3.2.18) lib/active_support/tagged_logging.rb:22:in `tagged'
  railties (3.2.18) lib/rails/rack/logger.rb:16:in `call'
  actionpack (3.2.18) lib/action_dispatch/middleware/request_id.rb:22:in `call'
  rack (1.4.5) lib/rack/methodoverride.rb:21:in `call'
  rack (1.4.5) lib/rack/runtime.rb:17:in `call'
  activesupport (3.2.18) lib/active_support/cache/strategy/local_cache.rb:72:in `call'
  rack (1.4.5) lib/rack/lock.rb:15:in `call'
  actionpack (3.2.18) lib/action_dispatch/middleware/static.rb:63:in `call'
  railties (3.2.18) lib/rails/engine.rb:484:in `call'
  railties (3.2.18) lib/rails/application.rb:231:in `call'
  rack (1.4.5) lib/rack/content_length.rb:14:in `call'
  railties (3.2.18) lib/rails/rack/log_tailer.rb:17:in `call'
  rack (1.4.5) lib/rack/handler/webrick.rb:59:in `service'
  /Users/matiasmeneses/.rvm/rubies/ruby-2.0.0-p481/lib/ruby/2.0.0/webrick/httpserver.rb:138:in `service'
  /Users/matiasmeneses/.rvm/rubies/ruby-2.0.0-p481/lib/ruby/2.0.0/webrick/httpserver.rb:94:in `run'
  /Users/matiasmeneses/.rvm/rubies/ruby-2.0.0-p481/lib/ruby/2.0.0/webrick/server.rb:295:in `block in start_thread'


  Rendered /Users/matiasmeneses/.rvm/gems/ruby-2.0.0-p481/gems/actionpack-3.2.18/lib/action_dispatch/middleware/templates/rescues/routing_error.erb within rescues/layout (1.4ms)


Started GET "/create" for 127.0.0.1 at 2014-07-17 19:31:05 -0700

ActionController::RoutingError (No route matches [GET] "/create"):
  actionpack (3.2.18) lib/action_dispatch/middleware/debug_exceptions.rb:21:in `call'
  actionpack (3.2.18) lib/action_dispatch/middleware/show_exceptions.rb:56:in `call'
  railties (3.2.18) lib/rails/rack/logger.rb:32:in `call_app'
  railties (3.2.18) lib/rails/rack/logger.rb:16:in `block in call'
  activesupport (3.2.18) lib/active_support/tagged_logging.rb:22:in `tagged'
  railties (3.2.18) lib/rails/rack/logger.rb:16:in `call'
  actionpack (3.2.18) lib/action_dispatch/middleware/request_id.rb:22:in `call'
  rack (1.4.5) lib/rack/methodoverride.rb:21:in `call'
  rack (1.4.5) lib/rack/runtime.rb:17:in `call'
  activesupport (3.2.18) lib/active_support/cache/strategy/local_cache.rb:72:in `call'
  rack (1.4.5) lib/rack/lock.rb:15:in `call'
  actionpack (3.2.18) lib/action_dispatch/middleware/static.rb:63:in `call'
  railties (3.2.18) lib/rails/engine.rb:484:in `call'
  railties (3.2.18) lib/rails/application.rb:231:in `call'
  rack (1.4.5) lib/rack/content_length.rb:14:in `call'
  railties (3.2.18) lib/rails/rack/log_tailer.rb:17:in `call'
  rack (1.4.5) lib/rack/handler/webrick.rb:59:in `service'
  /Users/matiasmeneses/.rvm/rubies/ruby-2.0.0-p481/lib/ruby/2.0.0/webrick/httpserver.rb:138:in `service'
  /Users/matiasmeneses/.rvm/rubies/ruby-2.0.0-p481/lib/ruby/2.0.0/webrick/httpserver.rb:94:in `run'
  /Users/matiasmeneses/.rvm/rubies/ruby-2.0.0-p481/lib/ruby/2.0.0/webrick/server.rb:295:in `block in start_thread'


  Rendered /Users/matiasmeneses/.rvm/gems/ruby-2.0.0-p481/gems/actionpack-3.2.18/lib/action_dispatch/middleware/templates/rescues/routing_error.erb within rescues/layout (0.5ms)


Started GET "/tasks" for 127.0.0.1 at 2014-07-17 19:31:18 -0700
Processing by TasksController#index as HTML
Completed 406 Not Acceptable in 0.4ms (ActiveRecord: 0.0ms)


Started POST "/tasks" for 127.0.0.1 at 2014-07-17 19:34:45 -0700
Processing by TasksController#create as */*
  Parameters: {"content"=>"hello", "title"=>"hellowee"}
WARNING: Can't verify CSRF token authenticity
  Rendered tasks/create.html.erb within layouts/application (0.3ms)
Warning. Error encountered while saving cache /Users/matiasmeneses/Documents/DBC/ThunderTalk-Service_Oriented_Architecture/node-ssa/grape-server-tasks/task_api/tmp/cache/sass/f69e4aa2b84a563beb5582a0ada988360a2ed2cf/tasks.css.scssc: can't dump anonymous class #<Class:0x007fd20b2d4e18>

Compiled tasks.css  (5ms)  (pid 68625)
Compiled application.css  (9ms)  (pid 68625)
Compiled jquery.js  (3ms)  (pid 68625)
Compiled jquery_ujs.js  (0ms)  (pid 68625)
Compiled tasks.js  (194ms)  (pid 68625)
Compiled application.js  (212ms)  (pid 68625)
Completed 200 OK in 240.7ms (Views: 240.2ms | ActiveRecord: 0.0ms)


Started POST "/tasks" for 127.0.0.1 at 2014-07-17 19:35:38 -0700
Processing by TasksController#create as */*
  Parameters: {"content"=>"hello", "title"=>"hellowee"}
WARNING: Can't verify CSRF token authenticity
Completed 500 Internal Server Error in 19.7ms

ActiveModel::MassAssignmentSecurity::Error (Can't mass-assign protected attributes: content, user_id):
  app/controllers/tasks_controller.rb:27:in `create'


  Rendered /Users/matiasmeneses/.rvm/gems/ruby-2.0.0-p481/gems/actionpack-3.2.18/lib/action_dispatch/middleware/templates/rescues/_trace.erb (23.1ms)
  Rendered /Users/matiasmeneses/.rvm/gems/ruby-2.0.0-p481/gems/actionpack-3.2.18/lib/action_dispatch/middleware/templates/rescues/_request_and_response.erb (1.3ms)
  Rendered /Users/matiasmeneses/.rvm/gems/ruby-2.0.0-p481/gems/actionpack-3.2.18/lib/action_dispatch/middleware/templates/rescues/diagnostics.erb within rescues/layout (30.1ms)


Started POST "/tasks" for 127.0.0.1 at 2014-07-17 19:36:36 -0700
Processing by TasksController#create as */*
  Parameters: {"content"=>"hello", "title"=>"hellowee"}
WARNING: Can't verify CSRF token authenticity
Completed 500 Internal Server Error in 2.2ms

ActiveModel::MassAssignmentSecurity::Error (Can't mass-assign protected attributes: content, user_id):
  app/controllers/tasks_controller.rb:27:in `create'


  Rendered /Users/matiasmeneses/.rvm/gems/ruby-2.0.0-p481/gems/actionpack-3.2.18/lib/action_dispatch/middleware/templates/rescues/_trace.erb (0.7ms)
  Rendered /Users/matiasmeneses/.rvm/gems/ruby-2.0.0-p481/gems/actionpack-3.2.18/lib/action_dispatch/middleware/templates/rescues/_request_and_response.erb (0.6ms)
  Rendered /Users/matiasmeneses/.rvm/gems/ruby-2.0.0-p481/gems/actionpack-3.2.18/lib/action_dispatch/middleware/templates/rescues/diagnostics.erb within rescues/layout (4.7ms)


Started POST "/tasks" for 127.0.0.1 at 2014-07-17 19:36:46 -0700
Processing by TasksController#create as */*
  Parameters: {"content"=>"hello", "title"=>"hellowee"}
Completed 500 Internal Server Error in 1.9ms

ActiveModel::MassAssignmentSecurity::Error (Can't mass-assign protected attributes: content, user_id):
  app/controllers/tasks_controller.rb:27:in `create'


  Rendered /Users/matiasmeneses/.rvm/gems/ruby-2.0.0-p481/gems/actionpack-3.2.18/lib/action_dispatch/middleware/templates/rescues/_trace.erb (0.7ms)
  Rendered /Users/matiasmeneses/.rvm/gems/ruby-2.0.0-p481/gems/actionpack-3.2.18/lib/action_dispatch/middleware/templates/rescues/_request_and_response.erb (0.6ms)
  Rendered /Users/matiasmeneses/.rvm/gems/ruby-2.0.0-p481/gems/actionpack-3.2.18/lib/action_dispatch/middleware/templates/rescues/diagnostics.erb within rescues/layout (4.9ms)


Started POST "/tasks" for 127.0.0.1 at 2014-07-17 19:37:16 -0700
Processing by TasksController#create as */*
  Parameters: {"content"=>"hello", "title"=>"hellowee"}
WARNING: Can't verify CSRF token authenticity
Completed 500 Internal Server Error in 2.2ms

ActiveModel::MassAssignmentSecurity::Error (Can't mass-assign protected attributes: user_id):
  app/controllers/tasks_controller.rb:27:in `create'


  Rendered /Users/matiasmeneses/.rvm/gems/ruby-2.0.0-p481/gems/actionpack-3.2.18/lib/action_dispatch/middleware/templates/rescues/_trace.erb (0.8ms)
  Rendered /Users/matiasmeneses/.rvm/gems/ruby-2.0.0-p481/gems/actionpack-3.2.18/lib/action_dispatch/middleware/templates/rescues/_request_and_response.erb (0.6ms)
  Rendered /Users/matiasmeneses/.rvm/gems/ruby-2.0.0-p481/gems/actionpack-3.2.18/lib/action_dispatch/middleware/templates/rescues/diagnostics.erb within rescues/layout (4.9ms)


Started POST "/tasks" for 127.0.0.1 at 2014-07-17 19:38:14 -0700
Processing by TasksController#create as */*
  Parameters: {"content"=>"hello", "user_id"=>"1"}
WARNING: Can't verify CSRF token authenticity
Completed 500 Internal Server Error in 2.0ms

ActiveModel::MassAssignmentSecurity::Error (Can't mass-assign protected attributes: user_id):
  app/controllers/tasks_controller.rb:27:in `create'


  Rendered /Users/matiasmeneses/.rvm/gems/ruby-2.0.0-p481/gems/actionpack-3.2.18/lib/action_dispatch/middleware/templates/rescues/_trace.erb (0.7ms)
  Rendered /Users/matiasmeneses/.rvm/gems/ruby-2.0.0-p481/gems/actionpack-3.2.18/lib/action_dispatch/middleware/templates/rescues/_request_and_response.erb (0.5ms)
  Rendered /Users/matiasmeneses/.rvm/gems/ruby-2.0.0-p481/gems/actionpack-3.2.18/lib/action_dispatch/middleware/templates/rescues/diagnostics.erb within rescues/layout (4.7ms)


Started POST "/tasks" for 127.0.0.1 at 2014-07-17 19:38:58 -0700
Processing by TasksController#create as */*
  Parameters: {"content"=>"hello", "user_id"=>"1"}
WARNING: Can't verify CSRF token authenticity
  [1m[36m (0.1ms)[0m  [1mBEGIN[0m
  [1m[35mSQL (34.7ms)[0m  INSERT INTO "tasks" ("complete", "content", "created_at", "updated_at", "user_id") VALUES ($1, $2, $3, $4, $5) RETURNING "id"  [["complete", false], ["content", "hello"], ["created_at", Fri, 18 Jul 2014 02:38:58 UTC +00:00], ["updated_at", Fri, 18 Jul 2014 02:38:58 UTC +00:00], ["user_id", 1]]
  [1m[36m (0.7ms)[0m  [1mCOMMIT[0m
Completed 200 OK in 43.6ms (Views: 0.4ms | ActiveRecord: 36.6ms)


Started GET "/tasks" for 127.0.0.1 at 2014-07-17 19:41:11 -0700
Processing by TasksController#index as HTML
Completed 406 Not Acceptable in 0.6ms (ActiveRecord: 0.0ms)


Started GET "/tasks" for 127.0.0.1 at 2014-07-17 19:41:33 -0700
Processing by TasksController#index as HTML
Completed 406 Not Acceptable in 0.3ms (ActiveRecord: 0.0ms)


Started GET "/tasks" for 127.0.0.1 at 2014-07-17 19:41:38 -0700
Processing by TasksController#index as HTML
Completed 406 Not Acceptable in 0.2ms (ActiveRecord: 0.0ms)
Connecting to database specified by database.yml


Started GET "/tasks" for 127.0.0.1 at 2014-07-17 19:43:27 -0700
Processing by TasksController#index as HTML
Completed 406 Not Acceptable in 0.6ms (ActiveRecord: 0.0ms)


Started GET "/tasks?user_id=1" for 127.0.0.1 at 2014-07-17 19:44:03 -0700
Processing by TasksController#index as HTML
  Parameters: {"user_id"=>"1"}
Completed 406 Not Acceptable in 0.2ms (ActiveRecord: 0.0ms)
Connecting to database specified by database.yml


Started GET "/tasks?user_id=1" for 127.0.0.1 at 2014-07-17 19:45:29 -0700
Processing by TasksController#index as HTML
  Parameters: {"user_id"=>"1"}
Completed 406 Not Acceptable in 6.2ms (ActiveRecord: 0.0ms)


Started GET "/tasks?user_id=1" for 127.0.0.1 at 2014-07-17 19:45:50 -0700
Processing by TasksController#index as HTML
  Parameters: {"user_id"=>"1"}
Completed 406 Not Acceptable in 0.6ms (ActiveRecord: 0.0ms)


Started GET "/tasks?user_id=1" for 127.0.0.1 at 2014-07-17 19:46:52 -0700
Processing by TasksController#index as HTML
  Parameters: {"user_id"=>"1"}
Completed 406 Not Acceptable in 0.5ms (ActiveRecord: 0.0ms)


Started GET "/tasks?user_id=1" for 127.0.0.1 at 2014-07-17 19:47:18 -0700
Processing by TasksController#index as HTML
  Parameters: {"user_id"=>"1"}
Completed 406 Not Acceptable in 0.6ms (ActiveRecord: 0.0ms)


Started GET "/tasks?user_id=1" for 127.0.0.1 at 2014-07-17 19:48:20 -0700
Processing by TasksController#index as HTML
  Parameters: {"user_id"=>"1"}
Completed 406 Not Acceptable in 0.6ms (ActiveRecord: 0.0ms)


Started GET "/tasks?user_id=1" for 127.0.0.1 at 2014-07-17 19:48:26 -0700
Processing by TasksController#index as HTML
  Parameters: {"user_id"=>"1"}
Completed 406 Not Acceptable in 0.2ms (ActiveRecord: 0.0ms)


Started POST "/tasks" for 127.0.0.1 at 2014-07-17 19:50:16 -0700
Processing by TasksController#create as */*
  Parameters: {"user_id"=>"1"}
WARNING: Can't verify CSRF token authenticity
  [1m[35m (0.1ms)[0m  BEGIN
  [1m[36mSQL (0.3ms)[0m  [1mINSERT INTO "tasks" ("complete", "content", "created_at", "updated_at", "user_id") VALUES ($1, $2, $3, $4, $5) RETURNING "id"[0m  [["complete", false], ["content", nil], ["created_at", Fri, 18 Jul 2014 02:50:16 UTC +00:00], ["updated_at", Fri, 18 Jul 2014 02:50:16 UTC +00:00], ["user_id", 1]]
  [1m[35m (1.0ms)[0m  COMMIT
Completed 200 OK in 8.6ms (Views: 0.4ms | ActiveRecord: 2.5ms)


Started POST "/tasks" for 127.0.0.1 at 2014-07-17 19:51:32 -0700

SyntaxError (/Users/matiasmeneses/Documents/DBC/ThunderTalk-Service_Oriented_Architecture/node-ssa/grape-server-tasks/task_api/app/controllers/tasks_controller.rb:40: syntax error, unexpected keyword_end, expecting end-of-input):
  activesupport (3.2.18) lib/active_support/dependencies.rb:469:in `load'
  activesupport (3.2.18) lib/active_support/dependencies.rb:469:in `block in load_file'
  activesupport (3.2.18) lib/active_support/dependencies.rb:639:in `new_constants_in'
  activesupport (3.2.18) lib/active_support/dependencies.rb:468:in `load_file'
  activesupport (3.2.18) lib/active_support/dependencies.rb:353:in `require_or_load'
  activesupport (3.2.18) lib/active_support/dependencies.rb:502:in `load_missing_constant'
  activesupport (3.2.18) lib/active_support/dependencies.rb:192:in `block in const_missing'
  activesupport (3.2.18) lib/active_support/dependencies.rb:190:in `each'
  activesupport (3.2.18) lib/active_support/dependencies.rb:190:in `const_missing'
  activesupport (3.2.18) lib/active_support/inflector/methods.rb:230:in `block in constantize'
  activesupport (3.2.18) lib/active_support/inflector/methods.rb:229:in `each'
  activesupport (3.2.18) lib/active_support/inflector/methods.rb:229:in `constantize'
  activesupport (3.2.18) lib/active_support/dependencies.rb:554:in `get'
  actionpack (3.2.18) lib/action_dispatch/routing/route_set.rb:69:in `controller_reference'
  actionpack (3.2.18) lib/action_dispatch/routing/route_set.rb:54:in `controller'
  actionpack (3.2.18) lib/action_dispatch/routing/route_set.rb:32:in `call'
  journey (1.0.4) lib/journey/router.rb:68:in `block in call'
  journey (1.0.4) lib/journey/router.rb:56:in `each'
  journey (1.0.4) lib/journey/router.rb:56:in `call'
  actionpack (3.2.18) lib/action_dispatch/routing/route_set.rb:608:in `call'
  actionpack (3.2.18) lib/action_dispatch/middleware/best_standards_support.rb:17:in `call'
  rack (1.4.5) lib/rack/etag.rb:23:in `call'
  rack (1.4.5) lib/rack/conditionalget.rb:35:in `call'
  actionpack (3.2.18) lib/action_dispatch/middleware/head.rb:14:in `call'
  actionpack (3.2.18) lib/action_dispatch/middleware/params_parser.rb:21:in `call'
  actionpack (3.2.18) lib/action_dispatch/middleware/flash.rb:242:in `call'
  rack (1.4.5) lib/rack/session/abstract/id.rb:210:in `context'
  rack (1.4.5) lib/rack/session/abstract/id.rb:205:in `call'
  actionpack (3.2.18) lib/action_dispatch/middleware/cookies.rb:341:in `call'
  activerecord (3.2.18) lib/active_record/query_cache.rb:64:in `call'
  activerecord (3.2.18) lib/active_record/connection_adapters/abstract/connection_pool.rb:479:in `call'
  actionpack (3.2.18) lib/action_dispatch/middleware/callbacks.rb:28:in `block in call'
  activesupport (3.2.18) lib/active_support/callbacks.rb:405:in `_run__938562227748205814__call__227853029291892254__callbacks'
  activesupport (3.2.18) lib/active_support/callbacks.rb:405:in `__run_callback'
  activesupport (3.2.18) lib/active_support/callbacks.rb:385:in `_run_call_callbacks'
  activesupport (3.2.18) lib/active_support/callbacks.rb:81:in `run_callbacks'
  actionpack (3.2.18) lib/action_dispatch/middleware/callbacks.rb:27:in `call'
  actionpack (3.2.18) lib/action_dispatch/middleware/reloader.rb:65:in `call'
  actionpack (3.2.18) lib/action_dispatch/middleware/remote_ip.rb:31:in `call'
  actionpack (3.2.18) lib/action_dispatch/middleware/debug_exceptions.rb:16:in `call'
  actionpack (3.2.18) lib/action_dispatch/middleware/show_exceptions.rb:56:in `call'
  railties (3.2.18) lib/rails/rack/logger.rb:32:in `call_app'
  railties (3.2.18) lib/rails/rack/logger.rb:16:in `block in call'
  activesupport (3.2.18) lib/active_support/tagged_logging.rb:22:in `tagged'
  railties (3.2.18) lib/rails/rack/logger.rb:16:in `call'
  actionpack (3.2.18) lib/action_dispatch/middleware/request_id.rb:22:in `call'
  rack (1.4.5) lib/rack/methodoverride.rb:21:in `call'
  rack (1.4.5) lib/rack/runtime.rb:17:in `call'
  activesupport (3.2.18) lib/active_support/cache/strategy/local_cache.rb:72:in `call'
  rack (1.4.5) lib/rack/lock.rb:15:in `call'
  actionpack (3.2.18) lib/action_dispatch/middleware/static.rb:63:in `call'
  railties (3.2.18) lib/rails/engine.rb:484:in `call'
  railties (3.2.18) lib/rails/application.rb:231:in `call'
  rack (1.4.5) lib/rack/content_length.rb:14:in `call'
  railties (3.2.18) lib/rails/rack/log_tailer.rb:17:in `call'
  rack (1.4.5) lib/rack/handler/webrick.rb:59:in `service'
  /Users/matiasmeneses/.rvm/rubies/ruby-2.0.0-p481/lib/ruby/2.0.0/webrick/httpserver.rb:138:in `service'
  /Users/matiasmeneses/.rvm/rubies/ruby-2.0.0-p481/lib/ruby/2.0.0/webrick/httpserver.rb:94:in `run'
  /Users/matiasmeneses/.rvm/rubies/ruby-2.0.0-p481/lib/ruby/2.0.0/webrick/server.rb:295:in `block in start_thread'


  Rendered /Users/matiasmeneses/.rvm/gems/ruby-2.0.0-p481/gems/actionpack-3.2.18/lib/action_dispatch/middleware/templates/rescues/_trace.erb (0.6ms)
  Rendered /Users/matiasmeneses/.rvm/gems/ruby-2.0.0-p481/gems/actionpack-3.2.18/lib/action_dispatch/middleware/templates/rescues/_request_and_response.erb (0.5ms)
  Rendered /Users/matiasmeneses/.rvm/gems/ruby-2.0.0-p481/gems/actionpack-3.2.18/lib/action_dispatch/middleware/templates/rescues/diagnostics.erb within rescues/layout (4.7ms)


Started POST "/tasks" for 127.0.0.1 at 2014-07-17 19:52:04 -0700
Processing by TasksController#create as */*
  Parameters: {"user_id"=>"1"}
WARNING: Can't verify CSRF token authenticity
  [1m[36m (0.1ms)[0m  [1mBEGIN[0m
  [1m[35mSQL (0.3ms)[0m  INSERT INTO "tasks" ("complete", "content", "created_at", "updated_at", "user_id") VALUES ($1, $2, $3, $4, $5) RETURNING "id"  [["complete", false], ["content", nil], ["created_at", Fri, 18 Jul 2014 02:52:04 UTC +00:00], ["updated_at", Fri, 18 Jul 2014 02:52:04 UTC +00:00], ["user_id", 1]]
  [1m[36m (0.7ms)[0m  [1mCOMMIT[0m
Completed 200 OK in 8.2ms (Views: 0.3ms | ActiveRecord: 2.3ms)


Started POST "/tasks" for 127.0.0.1 at 2014-07-17 19:52:11 -0700
Processing by TasksController#create as */*
  Parameters: {"user_id"=>"2"}
WARNING: Can't verify CSRF token authenticity
  [1m[35m (0.1ms)[0m  BEGIN
  [1m[36mSQL (0.3ms)[0m  [1mINSERT INTO "tasks" ("complete", "content", "created_at", "updated_at", "user_id") VALUES ($1, $2, $3, $4, $5) RETURNING "id"[0m  [["complete", false], ["content", nil], ["created_at", Fri, 18 Jul 2014 02:52:11 UTC +00:00], ["updated_at", Fri, 18 Jul 2014 02:52:11 UTC +00:00], ["user_id", 2]]
  [1m[35m (1.0ms)[0m  COMMIT
Completed 200 OK in 3.4ms (Views: 0.4ms | ActiveRecord: 1.3ms)


Started POST "/tasks" for 127.0.0.1 at 2014-07-17 19:52:23 -0700
Processing by TasksController#create as */*
  Parameters: {"user_id"=>"9"}
WARNING: Can't verify CSRF token authenticity
  [1m[36m (0.1ms)[0m  [1mBEGIN[0m
  [1m[35mSQL (0.3ms)[0m  INSERT INTO "tasks" ("complete", "content", "created_at", "updated_at", "user_id") VALUES ($1, $2, $3, $4, $5) RETURNING "id"  [["complete", false], ["content", nil], ["created_at", Fri, 18 Jul 2014 02:52:23 UTC +00:00], ["updated_at", Fri, 18 Jul 2014 02:52:23 UTC +00:00], ["user_id", 9]]
  [1m[36m (0.9ms)[0m  [1mCOMMIT[0m
Completed 200 OK in 2.7ms (Views: 0.3ms | ActiveRecord: 1.3ms)


Started POST "/tasks" for 127.0.0.1 at 2014-07-17 19:52:31 -0700
Processing by TasksController#create as */*
  Parameters: {"user_id"=>"100"}
WARNING: Can't verify CSRF token authenticity
  [1m[35m (0.1ms)[0m  BEGIN
  [1m[36mSQL (0.3ms)[0m  [1mINSERT INTO "tasks" ("complete", "content", "created_at", "updated_at", "user_id") VALUES ($1, $2, $3, $4, $5) RETURNING "id"[0m  [["complete", false], ["content", nil], ["created_at", Fri, 18 Jul 2014 02:52:31 UTC +00:00], ["updated_at", Fri, 18 Jul 2014 02:52:31 UTC +00:00], ["user_id", 100]]
  [1m[35m (0.9ms)[0m  COMMIT
Completed 200 OK in 2.7ms (Views: 0.2ms | ActiveRecord: 1.3ms)


Started GET "/tasks" for 127.0.0.1 at 2014-07-17 19:53:27 -0700
Processing by TasksController#index as */*
  Parameters: {"user_id"=>"100"}
  [1m[36mTask Load (0.3ms)[0m  [1mSELECT "tasks".* FROM "tasks" WHERE "tasks"."user_id" = 100[0m
Completed 200 OK in 2.1ms (Views: 1.3ms | ActiveRecord: 0.3ms)


Started GET "/tasks" for 127.0.0.1 at 2014-07-17 19:53:57 -0700
Processing by TasksController#index as */*
  Parameters: {"user_id"=>"101"}
  [1m[35mTask Load (0.2ms)[0m  SELECT "tasks".* FROM "tasks" WHERE "tasks"."user_id" = 101
Completed 200 OK in 0.9ms (Views: 0.5ms | ActiveRecord: 0.2ms)


Started DELETE "/tasks/1" for 127.0.0.1 at 2014-07-17 20:02:09 -0700
Processing by TasksController#destroy as */*
  Parameters: {"id"=>"1"}
WARNING: Can't verify CSRF token authenticity
  [1m[36mTask Load (0.3ms)[0m  [1mSELECT "tasks".* FROM "tasks" WHERE "tasks"."id" = $1 LIMIT 1[0m  [["id", "1"]]
  [1m[35m (0.1ms)[0m  BEGIN
  [1m[36mSQL (1.1ms)[0m  [1mDELETE FROM "tasks" WHERE "tasks"."id" = $1[0m  [["id", 1]]
  [1m[35m (0.2ms)[0m  COMMIT
Completed 200 OK in 9.1ms (Views: 0.1ms | ActiveRecord: 2.9ms)


Started PUT "/tasks/1" for 127.0.0.1 at 2014-07-17 20:05:17 -0700
Processing by TasksController#update as */*
  Parameters: {"content"=>"hello", "user_id"=>"1000", "id"=>"1"}
WARNING: Can't verify CSRF token authenticity
  [1m[36mTask Load (0.1ms)[0m  [1mSELECT "tasks".* FROM "tasks" WHERE "tasks"."id" = $1 LIMIT 1[0m  [["id", "1"]]
Completed 404 Not Found in 2.6ms

ActiveRecord::RecordNotFound (Couldn't find Task with id=1):
  app/controllers/tasks_controller.rb:24:in `update'


  Rendered /Users/matiasmeneses/.rvm/gems/ruby-2.0.0-p481/gems/actionpack-3.2.18/lib/action_dispatch/middleware/templates/rescues/_trace.erb (0.7ms)
  Rendered /Users/matiasmeneses/.rvm/gems/ruby-2.0.0-p481/gems/actionpack-3.2.18/lib/action_dispatch/middleware/templates/rescues/_request_and_response.erb (0.6ms)
  Rendered /Users/matiasmeneses/.rvm/gems/ruby-2.0.0-p481/gems/actionpack-3.2.18/lib/action_dispatch/middleware/templates/rescues/diagnostics.erb within rescues/layout (4.7ms)


Started PUT "/tasks/2" for 127.0.0.1 at 2014-07-17 20:05:57 -0700
Processing by TasksController#update as */*
  Parameters: {"content"=>"hello", "user_id"=>"1000", "id"=>"2"}
WARNING: Can't verify CSRF token authenticity
  [1m[35mTask Load (0.2ms)[0m  SELECT "tasks".* FROM "tasks" WHERE "tasks"."id" = $1 LIMIT 1  [["id", "2"]]
  [1m[36m (0.1ms)[0m  [1mBEGIN[0m
  [1m[35m (0.2ms)[0m  UPDATE "tasks" SET "content" = 'hello', "user_id" = 1000, "updated_at" = '2014-07-18 03:05:57.697169' WHERE "tasks"."id" = 2
  [1m[36m (0.9ms)[0m  [1mCOMMIT[0m
Completed 200 OK in 8.3ms (Views: 0.4ms | ActiveRecord: 1.4ms)


Started PUT "/tasks/2" for 127.0.0.1 at 2014-07-17 20:06:30 -0700
Processing by TasksController#update as */*
  Parameters: {"content"=>"hello", "user_id"=>"", "id"=>"2"}
WARNING: Can't verify CSRF token authenticity
  [1m[35mTask Load (0.2ms)[0m  SELECT "tasks".* FROM "tasks" WHERE "tasks"."id" = $1 LIMIT 1  [["id", "2"]]
  [1m[36m (0.1ms)[0m  [1mBEGIN[0m
  [1m[35m (0.2ms)[0m  UPDATE "tasks" SET "user_id" = NULL, "updated_at" = '2014-07-18 03:06:30.964566' WHERE "tasks"."id" = 2
  [1m[36m (0.9ms)[0m  [1mCOMMIT[0m
Completed 200 OK in 3.6ms (Views: 0.3ms | ActiveRecord: 1.4ms)


Started GET "/tasks?user_id=1" for 127.0.0.1 at 2014-07-17 20:07:23 -0700
Processing by TasksController#index as HTML
  Parameters: {"user_id"=>"1"}
Completed 406 Not Acceptable in 0.5ms (ActiveRecord: 0.0ms)
